<?xml version="1.0" encoding="UTF-8"?>
<!-- Generated by org.testng.reporters.JUnitReportReporter -->
<testsuite skipped="0" hostname="OABLN2392" name="BasicApiTest" tests="3" failures="0" timestamp="09 Apr 2019 06:47:12 GMT" time="3.292" errors="0">
  <testcase name="T01_StatusCodeTest" time="1.772" classname="BasicApiTest"/>
  <testcase name="T02_GetClients" time="0.619" classname="BasicApiTest"/>
  <testcase name="T03_GetAndroidModelPackageOptions" time="0.901" classname="BasicApiTest"/>
</testsuite> <!-- BasicApiTest -->
